{"contracts/TokenFactory.sol":{"l":{"15":3,"23":2,"24":2,"25":2,"26":2,"27":2,"32":2,"36":2},"path":"/home/filop/projects/eth/token-factory-clone/contracts/TokenFactory.sol","s":{"1":3,"2":2,"3":2,"4":2,"5":2,"6":2,"7":2,"8":2},"b":{},"f":{"1":3,"2":2,"3":2,"4":2},"fnMap":{"1":{"name":"constructor","line":14,"loc":{"start":{"line":14,"column":4},"end":{"line":16,"column":4}}},"2":{"name":"createTokenClone","line":22,"loc":{"start":{"line":19,"column":4},"end":{"line":29,"column":4}}},"3":{"name":"getTokenAddress","line":31,"loc":{"start":{"line":31,"column":4},"end":{"line":33,"column":4}}},"4":{"name":"getTokenCounter","line":35,"loc":{"start":{"line":35,"column":4},"end":{"line":37,"column":4}}}},"statementMap":{"1":{"start":{"line":15,"column":8},"end":{"line":15,"column":77}},"2":{"start":{"line":23,"column":8},"end":{"line":23,"column":62}},"3":{"start":{"line":24,"column":8},"end":{"line":24,"column":95}},"4":{"start":{"line":25,"column":8},"end":{"line":25,"column":38}},"5":{"start":{"line":26,"column":8},"end":{"line":26,"column":24}},"6":{"start":{"line":27,"column":8},"end":{"line":27,"column":25}},"7":{"start":{"line":32,"column":8},"end":{"line":32,"column":35}},"8":{"start":{"line":36,"column":8},"end":{"line":36,"column":27}}},"branchMap":{}}}